<?xml version="1.0" encoding="UTF-8"?>
<!-- Generated by org.testng.reporters.JUnitXMLReporter -->
<testsuite ignored="4" hostname="DESKTOP-2MDFI7U" failures="0" tests="1" name="myTestNGProject" time="0.082" errors="0" timestamp="2022-09-21T12:20:55 BST">
  <testcase classname="techproed.tests.Day12_TestNGAnnotations" name="test01" time="0.001"/>
  <testcase classname="techproed.tests.Day12_TestNGAnnotations" name="test03" time="0.0">
    <ignored/>
  </testcase> <!-- test03 -->
  <testcase classname="techproed.tests.Day12_TestNGAnnotations" name="test02" time="0.0">
    <ignored/>
  </testcase> <!-- test02 -->
  <testcase classname="techproed.tests.Day12_TestNGAnnotations" name="test05" time="0.0">
    <ignored/>
  </testcase> <!-- test05 -->
  <testcase classname="techproed.tests.Day12_TestNGAnnotations" name="test04" time="0.0">
    <ignored/>
  </testcase> <!-- test04 -->
</testsuite> <!-- myTestNGProject -->
