<?xml version="1.0" encoding="UTF-8"?>
<testng-results ignored="4" total="5" passed="1" failed="0" skipped="0">
  <reporter-output>
  </reporter-output>
  <suite started-at="2022-09-21T12:20:55 BST" name="Default Suite" finished-at="2022-09-21T12:20:55 BST" duration-ms="82">
    <groups>
    </groups>
    <test started-at="2022-09-21T12:20:55 BST" name="myTestNGProject" finished-at="2022-09-21T12:20:55 BST" duration-ms="82">
      <class name="techproed.tests.Day12_TestNGAnnotations">
        <test-method is-config="true" signature="setUp()[pri:0, instance:techproed.tests.Day12_TestNGAnnotations@13b6aecc]" started-at="2022-09-21T12:20:55 BST" name="setUp" finished-at="2022-09-21T12:20:55 BST" duration-ms="10" status="PASS">
          <reporter-output>
          </reporter-output>
        </test-method> <!-- setUp -->
        <test-method signature="test01()[pri:2, instance:techproed.tests.Day12_TestNGAnnotations@13b6aecc]" started-at="2022-09-21T12:20:55 BST" name="test01" finished-at="2022-09-21T12:20:55 BST" duration-ms="1" status="PASS">
          <reporter-output>
          </reporter-output>
        </test-method> <!-- test01 -->
        <test-method is-config="true" signature="tearDown()[pri:0, instance:techproed.tests.Day12_TestNGAnnotations@13b6aecc]" started-at="2022-09-21T12:20:55 BST" name="tearDown" finished-at="2022-09-21T12:20:55 BST" duration-ms="1" status="PASS">
          <reporter-output>
          </reporter-output>
        </test-method> <!-- tearDown -->
      </class> <!-- techproed.tests.Day12_TestNGAnnotations -->
    </test> <!-- myTestNGProject -->
  </suite> <!-- Default Suite -->
</testng-results>
